Flow report for VGA_lab
Thu Mar 17 08:47:20 2016
Quartus II 64-Bit Version 13.1.0 Build 162 10/23/2013 SJ Web Edition


---------------------
; Table of Contents ;
---------------------
  1. Legal Notice
  2. Flow Summary
  3. Flow Settings
  4. Flow Non-Default Global Settings
  5. Flow Elapsed Time
  6. Flow OS Summary
  7. Flow Log
  8. Flow Messages
  9. Flow Suppressed Messages



----------------
; Legal Notice ;
----------------
Copyright (C) 1991-2013 Altera Corporation
Your use of Altera Corporation's design tools, logic functions 
and other software and tools, and its AMPP partner logic 
functions, and any output files from any of the foregoing 
(including device programming or simulation files), and any 
associated documentation or information are expressly subject 
to the terms and conditions of the Altera Program License 
Subscription Agreement, Altera MegaCore Function License 
Agreement, or other applicable license agreement, including, 
without limitation, that your use is for the sole purpose of 
programming logic devices manufactured by Altera and sold by 
Altera or its authorized distributors.  Please refer to the 
applicable agreement for further details.



+---------------------------------------------------------------------------------+
; Flow Summary                                                                    ;
+------------------------------------+--------------------------------------------+
; Flow Status                        ; Successful - Thu Mar 17 08:47:20 2016      ;
; Quartus II 64-Bit Version          ; 13.1.0 Build 162 10/23/2013 SJ Web Edition ;
; Revision Name                      ; VGA_lab                                    ;
; Top-level Entity Name              ; vga_lab                                    ;
; Family                             ; Cyclone III                                ;
; Device                             ; EP3C16F484C6                               ;
; Timing Models                      ; Final                                      ;
; Total logic elements               ; 372 / 15,408 ( 2 % )                       ;
;     Total combinational functions  ; 369 / 15,408 ( 2 % )                       ;
;     Dedicated logic registers      ; 42 / 15,408 ( < 1 % )                      ;
; Total registers                    ; 42                                         ;
; Total pins                         ; 28 / 347 ( 8 % )                           ;
; Total virtual pins                 ; 0                                          ;
; Total memory bits                  ; 294,912 / 516,096 ( 57 % )                 ;
; Embedded Multiplier 9-bit elements ; 0 / 112 ( 0 % )                            ;
; Total PLLs                         ; 0 / 4 ( 0 % )                              ;
+------------------------------------+--------------------------------------------+


+-----------------------------------------+
; Flow Settings                           ;
+-------------------+---------------------+
; Option            ; Setting             ;
+-------------------+---------------------+
; Start date & time ; 03/17/2016 08:46:47 ;
; Main task         ; Compilation         ;
; Revision Name     ; VGA_lab             ;
+-------------------+---------------------+


+-------------------------------------------------------------------------------------------------------------------+
; Flow Non-Default Global Settings                                                                                  ;
+-------------------------------------+------------------------------+---------------+-------------+----------------+
; Assignment Name                     ; Value                        ; Default Value ; Entity Name ; Section Id     ;
+-------------------------------------+------------------------------+---------------+-------------+----------------+
; COMPILER_SIGNATURE_ID               ; 345052807169.145821880703972 ; --            ; --          ; --             ;
; EDA_OUTPUT_DATA_FORMAT              ; Vhdl                         ; --            ; --          ; eda_simulation ;
; EDA_SIMULATION_TOOL                 ; ModelSim-Altera (VHDL)       ; <None>        ; --          ; --             ;
; IP_TOOL_NAME                        ; ROM: 1-PORT                  ; --            ; --          ; --             ;
; IP_TOOL_NAME                        ; ROM: 1-PORT                  ; --            ; --          ; --             ;
; IP_TOOL_NAME                        ; ROM: 1-PORT                  ; --            ; --          ; --             ;
; IP_TOOL_VERSION                     ; 13.1                         ; --            ; --          ; --             ;
; IP_TOOL_VERSION                     ; 13.1                         ; --            ; --          ; --             ;
; IP_TOOL_VERSION                     ; 13.1                         ; --            ; --          ; --             ;
; MAX_CORE_JUNCTION_TEMP              ; 85                           ; --            ; --          ; --             ;
; MIN_CORE_JUNCTION_TEMP              ; 0                            ; --            ; --          ; --             ;
; MISC_FILE                           ; vga_rom.cmp                  ; --            ; --          ; --             ;
; MISC_FILE                           ; vga_rom1.cmp                 ; --            ; --          ; --             ;
; MISC_FILE                           ; vga_rom2.cmp                 ; --            ; --          ; --             ;
; OUTPUT_IO_TIMING_FAR_END_VMEAS      ; Half Signal Swing            ; --            ; --          ; --             ;
; OUTPUT_IO_TIMING_FAR_END_VMEAS      ; Half Signal Swing            ; --            ; --          ; --             ;
; OUTPUT_IO_TIMING_NEAR_END_VMEAS     ; Half Vccio                   ; --            ; --          ; --             ;
; OUTPUT_IO_TIMING_NEAR_END_VMEAS     ; Half Vccio                   ; --            ; --          ; --             ;
; PARTITION_COLOR                     ; 16764057                     ; --            ; --          ; Top            ;
; PARTITION_COLOR                     ; 16764057                     ; --            ; adder       ; Top            ;
; PARTITION_COLOR                     ; 16764057                     ; --            ; overall     ; Top            ;
; PARTITION_COLOR                     ; 16764057                     ; --            ; top_level   ; Top            ;
; PARTITION_FITTER_PRESERVATION_LEVEL ; PLACEMENT_AND_ROUTING        ; --            ; --          ; Top            ;
; PARTITION_FITTER_PRESERVATION_LEVEL ; PLACEMENT_AND_ROUTING        ; --            ; adder       ; Top            ;
; PARTITION_FITTER_PRESERVATION_LEVEL ; PLACEMENT_AND_ROUTING        ; --            ; overall     ; Top            ;
; PARTITION_FITTER_PRESERVATION_LEVEL ; PLACEMENT_AND_ROUTING        ; --            ; top_level   ; Top            ;
; PARTITION_NETLIST_TYPE              ; SOURCE                       ; --            ; --          ; Top            ;
; PARTITION_NETLIST_TYPE              ; SOURCE                       ; --            ; adder       ; Top            ;
; PARTITION_NETLIST_TYPE              ; SOURCE                       ; --            ; overall     ; Top            ;
; PARTITION_NETLIST_TYPE              ; SOURCE                       ; --            ; top_level   ; Top            ;
; PROJECT_OUTPUT_DIRECTORY            ; output_files                 ; --            ; --          ; --             ;
+-------------------------------------+------------------------------+---------------+-------------+----------------+


+-------------------------------------------------------------------------------------------------------------------------------+
; Flow Elapsed Time                                                                                                             ;
+---------------------------+--------------+-------------------------+---------------------+------------------------------------+
; Module Name               ; Elapsed Time ; Average Processors Used ; Peak Virtual Memory ; Total CPU Time (on all processors) ;
+---------------------------+--------------+-------------------------+---------------------+------------------------------------+
; Analysis & Synthesis      ; 00:00:05     ; 1.0                     ; 603 MB              ; 00:00:04                           ;
; Fitter                    ; 00:00:13     ; 2.0                     ; 1249 MB             ; 00:00:15                           ;
; Assembler                 ; 00:00:02     ; 1.0                     ; 489 MB              ; 00:00:02                           ;
; TimeQuest Timing Analyzer ; 00:00:05     ; 1.0                     ; 578 MB              ; 00:00:04                           ;
; EDA Netlist Writer        ; 00:00:02     ; 1.0                     ; 448 MB              ; 00:00:01                           ;
; Total                     ; 00:00:27     ; --                      ; --                  ; 00:00:26                           ;
+---------------------------+--------------+-------------------------+---------------------+------------------------------------+


+----------------------------------------------------------------------------------------+
; Flow OS Summary                                                                        ;
+---------------------------+------------------+-----------+------------+----------------+
; Module Name               ; Machine Hostname ; OS Name   ; OS Version ; Processor type ;
+---------------------------+------------------+-----------+------------+----------------+
; Analysis & Synthesis      ; Stefano          ; Windows 7 ; 6.2        ; x86_64         ;
; Fitter                    ; Stefano          ; Windows 7 ; 6.2        ; x86_64         ;
; Assembler                 ; Stefano          ; Windows 7 ; 6.2        ; x86_64         ;
; TimeQuest Timing Analyzer ; Stefano          ; Windows 7 ; 6.2        ; x86_64         ;
; EDA Netlist Writer        ; Stefano          ; Windows 7 ; 6.2        ; x86_64         ;
+---------------------------+------------------+-----------+------------+----------------+


------------
; Flow Log ;
------------
quartus_map --read_settings_files=on --write_settings_files=off VGA_lab -c VGA_lab
quartus_fit --read_settings_files=off --write_settings_files=off VGA_lab -c VGA_lab
quartus_asm --read_settings_files=off --write_settings_files=off VGA_lab -c VGA_lab
quartus_sta VGA_lab -c VGA_lab
quartus_eda --read_settings_files=off --write_settings_files=off VGA_lab -c VGA_lab



